<?xml version="1.0" encoding="UTF-8"?>
<!-- Generated by org.testng.reporters.JUnitReportReporter -->
<testsuite hostname="LAPTOP-BAD8659M" failures="0" tests="2" name="com.TestPackage.LoginTestClass" time="0.804" errors="0" timestamp="2024-03-21T16:02:09 IST" skipped="0">
  <testcase classname="com.TestPackage.LoginTestClass" name="loginTest" time="0.776"/>
  <testcase classname="com.TestPackage.LoginTestClass" name="getTitle" time="0.028"/>
</testsuite> <!-- com.TestPackage.LoginTestClass -->
